<?xml version="1.0" encoding="UTF-8"?>
<coverage generated="1588521233484" clover="3.2.0">
  <project timestamp="1588521233484" name="All files">
    <metrics statements="52" coveredstatements="52" conditionals="18" coveredconditionals="18" methods="8" coveredmethods="8" elements="78" coveredelements="78" complexity="0" loc="52" ncloc="52" packages="1" files="1" classes="1"/>
    <file name="index.js" path="/home/sam/Programacao/Javascript/nodejs-12/src/index.js">
      <metrics statements="52" coveredstatements="52" conditionals="18" coveredconditionals="18" methods="8" coveredmethods="8"/>
      <line num="3" count="90" type="stmt"/>
      <line num="4" count="695" type="cond" truecount="2" falsecount="0"/>
      <line num="5" count="90" type="stmt"/>
      <line num="14" count="20" type="stmt"/>
      <line num="16" count="20" type="stmt"/>
      <line num="17" count="90" type="stmt"/>
      <line num="20" count="20" type="stmt"/>
      <line num="24" count="16" type="stmt"/>
      <line num="25" count="16" type="stmt"/>
      <line num="27" count="16" type="stmt"/>
      <line num="29" count="16" type="stmt"/>
      <line num="30" count="16" type="stmt"/>
      <line num="31" count="72" type="stmt"/>
      <line num="32" count="288" type="cond" truecount="2" falsecount="0"/>
      <line num="33" count="72" type="cond" truecount="2" falsecount="0"/>
      <line num="34" count="16" type="stmt"/>
      <line num="37" count="56" type="stmt"/>
      <line num="38" count="56" type="stmt"/>
      <line num="39" count="84" type="cond" truecount="2" falsecount="0"/>
      <line num="40" count="32" type="stmt"/>
      <line num="44" count="56" type="cond" truecount="2" falsecount="0"/>
      <line num="45" count="24" type="stmt"/>
      <line num="52" count="16" type="stmt"/>
      <line num="57" count="12" type="stmt"/>
      <line num="59" count="12" type="stmt"/>
      <line num="61" count="12" type="stmt"/>
      <line num="62" count="54" type="stmt"/>
      <line num="64" count="1350" type="cond" truecount="2" falsecount="0"/>
      <line num="66" count="54" type="stmt"/>
      <line num="67" count="54" type="stmt"/>
      <line num="68" count="96" type="stmt"/>
      <line num="70" count="189" type="cond" truecount="2" falsecount="0"/>
      <line num="71" count="45" type="stmt"/>
      <line num="72" count="45" type="stmt"/>
      <line num="77" count="54" type="cond" truecount="2" falsecount="0"/>
      <line num="78" count="9" type="stmt"/>
      <line num="84" count="12" type="stmt"/>
      <line num="89" count="8" type="stmt"/>
      <line num="91" count="8" type="stmt"/>
      <line num="92" count="36" type="stmt"/>
      <line num="94" count="900" type="cond" truecount="2" falsecount="0"/>
      <line num="96" count="36" type="stmt"/>
      <line num="101" count="8" type="stmt"/>
      <line num="105" count="4" type="stmt"/>
      <line num="106" count="4" type="stmt"/>
      <line num="107" count="4" type="stmt"/>
      <line num="111" count="4" type="stmt"/>
      <line num="112" count="4" type="stmt"/>
      <line num="114" count="4" type="stmt"/>
      <line num="116" count="4" type="stmt"/>
      <line num="120" count="4" type="stmt"/>
      <line num="129" count="1" type="stmt"/>
    </file>
  </project>
</coverage>
