{"/home/sam/Programacao/Javascript/nodejs-12/src/index.js": {"path":"/home/sam/Programacao/Javascript/nodejs-12/src/index.js","statementMap":{"0":{"start":{"line":3,"column":2},"end":{"line":10,"column":3}},"1":{"start":{"line":3,"column":15},"end":{"line":3,"column":16}},"2":{"start":{"line":4,"column":4},"end":{"line":9,"column":5}},"3":{"start":{"line":5,"column":6},"end":{"line":8,"column":7}},"4":{"start":{"line":14,"column":13},"end":{"line":14,"column":15}},"5":{"start":{"line":16,"column":2},"end":{"line":18,"column":3}},"6":{"start":{"line":16,"column":15},"end":{"line":16,"column":16}},"7":{"start":{"line":17,"column":4},"end":{"line":17,"column":54}},"8":{"start":{"line":20,"column":2},"end":{"line":20,"column":14}},"9":{"start":{"line":24,"column":16},"end":{"line":24,"column":74}},"10":{"start":{"line":25,"column":19},"end":{"line":25,"column":57}},"11":{"start":{"line":27,"column":25},"end":{"line":27,"column":59}},"12":{"start":{"line":29,"column":17},"end":{"line":29,"column":19}},"13":{"start":{"line":30,"column":2},"end":{"line":50,"column":3}},"14":{"start":{"line":30,"column":15},"end":{"line":30,"column":16}},"15":{"start":{"line":31,"column":4},"end":{"line":49,"column":5}},"16":{"start":{"line":31,"column":17},"end":{"line":31,"column":18}},"17":{"start":{"line":32,"column":6},"end":{"line":48,"column":7}},"18":{"start":{"line":33,"column":8},"end":{"line":47,"column":9}},"19":{"start":{"line":34,"column":10},"end":{"line":34,"column":37}},"20":{"start":{"line":37,"column":22},"end":{"line":37,"column":23}},"21":{"start":{"line":38,"column":10},"end":{"line":42,"column":11}},"22":{"start":{"line":38,"column":23},"end":{"line":38,"column":24}},"23":{"start":{"line":39,"column":12},"end":{"line":41,"column":13}},"24":{"start":{"line":40,"column":14},"end":{"line":40,"column":22}},"25":{"start":{"line":44,"column":10},"end":{"line":46,"column":11}},"26":{"start":{"line":45,"column":12},"end":{"line":45,"column":39}},"27":{"start":{"line":52,"column":2},"end":{"line":52,"column":36}},"28":{"start":{"line":57,"column":15},"end":{"line":57,"column":49}},"29":{"start":{"line":59,"column":19},"end":{"line":59,"column":20}},"30":{"start":{"line":61,"column":2},"end":{"line":82,"column":3}},"31":{"start":{"line":61,"column":15},"end":{"line":61,"column":16}},"32":{"start":{"line":62,"column":4},"end":{"line":81,"column":5}},"33":{"start":{"line":62,"column":17},"end":{"line":62,"column":18}},"34":{"start":{"line":64,"column":6},"end":{"line":80,"column":7}},"35":{"start":{"line":66,"column":19},"end":{"line":66,"column":20}},"36":{"start":{"line":67,"column":8},"end":{"line":75,"column":9}},"37":{"start":{"line":67,"column":21},"end":{"line":67,"column":22}},"38":{"start":{"line":68,"column":10},"end":{"line":74,"column":11}},"39":{"start":{"line":68,"column":23},"end":{"line":68,"column":24}},"40":{"start":{"line":70,"column":12},"end":{"line":73,"column":13}},"41":{"start":{"line":71,"column":14},"end":{"line":71,"column":64}},"42":{"start":{"line":72,"column":14},"end":{"line":72,"column":23}},"43":{"start":{"line":77,"column":8},"end":{"line":79,"column":9}},"44":{"start":{"line":78,"column":10},"end":{"line":78,"column":53}},"45":{"start":{"line":84,"column":2},"end":{"line":84,"column":20}},"46":{"start":{"line":89,"column":19},"end":{"line":89,"column":20}},"47":{"start":{"line":91,"column":2},"end":{"line":99,"column":3}},"48":{"start":{"line":91,"column":15},"end":{"line":91,"column":16}},"49":{"start":{"line":92,"column":4},"end":{"line":98,"column":5}},"50":{"start":{"line":92,"column":17},"end":{"line":92,"column":18}},"51":{"start":{"line":94,"column":6},"end":{"line":97,"column":7}},"52":{"start":{"line":96,"column":8},"end":{"line":96,"column":51}},"53":{"start":{"line":101,"column":2},"end":{"line":101,"column":20}},"54":{"start":{"line":105,"column":16},"end":{"line":105,"column":48}},"55":{"start":{"line":106,"column":16},"end":{"line":106,"column":51}},"56":{"start":{"line":107,"column":2},"end":{"line":107,"column":23}},"57":{"start":{"line":111,"column":16},"end":{"line":111,"column":48}},"58":{"start":{"line":112,"column":16},"end":{"line":112,"column":51}},"59":{"start":{"line":114,"column":17},"end":{"line":114,"column":55}},"60":{"start":{"line":116,"column":2},"end":{"line":116,"column":18}},"61":{"start":{"line":120,"column":2},"end":{"line":126,"column":4}},"62":{"start":{"line":129,"column":0},"end":{"line":138,"column":1}}},"fnMap":{"0":{"name":"filterProducById","decl":{"start":{"line":2,"column":9},"end":{"line":2,"column":25}},"loc":{"start":{"line":2,"column":44},"end":{"line":11,"column":1}},"line":2},"1":{"name":"arrayOfProducts","decl":{"start":{"line":13,"column":9},"end":{"line":13,"column":24}},"loc":{"start":{"line":13,"column":44},"end":{"line":21,"column":1}},"line":13},"2":{"name":"definePromotion","decl":{"start":{"line":23,"column":9},"end":{"line":23,"column":24}},"loc":{"start":{"line":23,"column":44},"end":{"line":53,"column":1}},"line":23},"3":{"name":"defineTotalPrice","decl":{"start":{"line":55,"column":9},"end":{"line":55,"column":25}},"loc":{"start":{"line":55,"column":45},"end":{"line":85,"column":1}},"line":55},"4":{"name":"getTotalValue","decl":{"start":{"line":87,"column":9},"end":{"line":87,"column":22}},"loc":{"start":{"line":87,"column":42},"end":{"line":102,"column":1}},"line":87},"5":{"name":"getDiscountValue","decl":{"start":{"line":104,"column":9},"end":{"line":104,"column":25}},"loc":{"start":{"line":104,"column":45},"end":{"line":108,"column":1}},"line":104},"6":{"name":"getDiscountPercentage","decl":{"start":{"line":110,"column":9},"end":{"line":110,"column":30}},"loc":{"start":{"line":110,"column":50},"end":{"line":117,"column":1}},"line":110},"7":{"name":"getShoppingCart","decl":{"start":{"line":119,"column":9},"end":{"line":119,"column":24}},"loc":{"start":{"line":119,"column":44},"end":{"line":127,"column":1}},"line":119}},"branchMap":{"0":{"loc":{"start":{"line":4,"column":4},"end":{"line":9,"column":5}},"type":"if","locations":[{"start":{"line":4,"column":4},"end":{"line":9,"column":5}},{"start":{"line":4,"column":4},"end":{"line":9,"column":5}}],"line":4},"1":{"loc":{"start":{"line":32,"column":6},"end":{"line":48,"column":7}},"type":"if","locations":[{"start":{"line":32,"column":6},"end":{"line":48,"column":7}},{"start":{"line":32,"column":6},"end":{"line":48,"column":7}}],"line":32},"2":{"loc":{"start":{"line":33,"column":8},"end":{"line":47,"column":9}},"type":"if","locations":[{"start":{"line":33,"column":8},"end":{"line":47,"column":9}},{"start":{"line":33,"column":8},"end":{"line":47,"column":9}}],"line":33},"3":{"loc":{"start":{"line":39,"column":12},"end":{"line":41,"column":13}},"type":"if","locations":[{"start":{"line":39,"column":12},"end":{"line":41,"column":13}},{"start":{"line":39,"column":12},"end":{"line":41,"column":13}}],"line":39},"4":{"loc":{"start":{"line":44,"column":10},"end":{"line":46,"column":11}},"type":"if","locations":[{"start":{"line":44,"column":10},"end":{"line":46,"column":11}},{"start":{"line":44,"column":10},"end":{"line":46,"column":11}}],"line":44},"5":{"loc":{"start":{"line":64,"column":6},"end":{"line":80,"column":7}},"type":"if","locations":[{"start":{"line":64,"column":6},"end":{"line":80,"column":7}},{"start":{"line":64,"column":6},"end":{"line":80,"column":7}}],"line":64},"6":{"loc":{"start":{"line":70,"column":12},"end":{"line":73,"column":13}},"type":"if","locations":[{"start":{"line":70,"column":12},"end":{"line":73,"column":13}},{"start":{"line":70,"column":12},"end":{"line":73,"column":13}}],"line":70},"7":{"loc":{"start":{"line":77,"column":8},"end":{"line":79,"column":9}},"type":"if","locations":[{"start":{"line":77,"column":8},"end":{"line":79,"column":9}},{"start":{"line":77,"column":8},"end":{"line":79,"column":9}}],"line":77},"8":{"loc":{"start":{"line":94,"column":6},"end":{"line":97,"column":7}},"type":"if","locations":[{"start":{"line":94,"column":6},"end":{"line":97,"column":7}},{"start":{"line":94,"column":6},"end":{"line":97,"column":7}}],"line":94}},"s":{"0":90,"1":90,"2":695,"3":90,"4":20,"5":20,"6":20,"7":90,"8":20,"9":16,"10":16,"11":16,"12":16,"13":16,"14":16,"15":72,"16":72,"17":288,"18":72,"19":16,"20":56,"21":56,"22":56,"23":84,"24":32,"25":56,"26":24,"27":16,"28":12,"29":12,"30":12,"31":12,"32":54,"33":54,"34":1350,"35":54,"36":54,"37":54,"38":96,"39":96,"40":189,"41":45,"42":45,"43":54,"44":9,"45":12,"46":8,"47":8,"48":8,"49":36,"50":36,"51":900,"52":36,"53":8,"54":4,"55":4,"56":4,"57":4,"58":4,"59":4,"60":4,"61":4,"62":1},"f":{"0":90,"1":20,"2":16,"3":12,"4":8,"5":4,"6":4,"7":4},"b":{"0":[90,605],"1":[72,216],"2":[16,56],"3":[32,52],"4":[24,32],"5":[54,1296],"6":[45,144],"7":[9,45],"8":[36,864]},"_coverageSchema":"1a1c01bbd47fc00a2c39e90264f33305004495a9","hash":"0fccc0aae5ce3e9d2aecaba41bba9f2153896033"}
}
