TN:
SF:src/index.js
FN:2,filterProducById
FN:13,arrayOfProducts
FN:23,definePromotion
FN:55,defineTotalPrice
FN:87,getTotalValue
FN:104,getDiscountValue
FN:110,getDiscountPercentage
FN:119,getShoppingCart
FNF:8
FNH:8
FNDA:90,filterProducById
FNDA:20,arrayOfProducts
FNDA:16,definePromotion
FNDA:12,defineTotalPrice
FNDA:8,getTotalValue
FNDA:4,getDiscountValue
FNDA:4,getDiscountPercentage
FNDA:4,getShoppingCart
DA:3,90
DA:4,695
DA:5,90
DA:14,20
DA:16,20
DA:17,90
DA:20,20
DA:24,16
DA:25,16
DA:27,16
DA:29,16
DA:30,16
DA:31,72
DA:32,288
DA:33,72
DA:34,16
DA:37,56
DA:38,56
DA:39,84
DA:40,32
DA:44,56
DA:45,24
DA:52,16
DA:57,12
DA:59,12
DA:61,12
DA:62,54
DA:64,1350
DA:66,54
DA:67,54
DA:68,96
DA:70,189
DA:71,45
DA:72,45
DA:77,54
DA:78,9
DA:84,12
DA:89,8
DA:91,8
DA:92,36
DA:94,900
DA:96,36
DA:101,8
DA:105,4
DA:106,4
DA:107,4
DA:111,4
DA:112,4
DA:114,4
DA:116,4
DA:120,4
DA:129,1
LF:52
LH:52
BRDA:4,0,0,90
BRDA:4,0,1,605
BRDA:32,1,0,72
BRDA:32,1,1,216
BRDA:33,2,0,16
BRDA:33,2,1,56
BRDA:39,3,0,32
BRDA:39,3,1,52
BRDA:44,4,0,24
BRDA:44,4,1,32
BRDA:64,5,0,54
BRDA:64,5,1,1296
BRDA:70,6,0,45
BRDA:70,6,1,144
BRDA:77,7,0,9
BRDA:77,7,1,45
BRDA:94,8,0,36
BRDA:94,8,1,864
BRF:18
BRH:18
end_of_record
